<?xml version="1.0" encoding="UTF-8"?>
<!-- Generated by org.testng.reporters.JUnitXMLReporter -->
<testsuite ignored="0" hostname="LA-DGT-001436.local" failures="7" tests="15" name="FoxRestAPITest" time="22.639" errors="0" timestamp="14 Sep 2019 18:07:48 GMT">
  <testcase classname="com.foxapi.testCases.TC001_REG_user" name="checkContentType" time="0.005"/>
  <testcase classname="com.foxapi.testCases.TC001_REG_user" name="checkResposeBody" time="0.011">
    <failure type="java.lang.AssertionError" message="expected [true] but found [false]">
      <![CDATA[java.lang.AssertionError: expected [true] but found [false]
at com.foxapi.testCases.TC001_REG_user.checkResposeBody(TC001_REG_user.java:94)
... Removed 31 stack frames]]>
    </failure>
  </testcase> <!-- checkResposeBody -->
  <testcase classname="com.foxapi.testCases.TC001_REG_user" name="checkStatusCode" time="0.001">
    <failure type="java.lang.AssertionError" message="expected [200] but found [409]">
      <![CDATA[java.lang.AssertionError: expected [200] but found [409]
at com.foxapi.testCases.TC001_REG_user.checkStatusCode(TC001_REG_user.java:104)
... Removed 31 stack frames]]>
    </failure>
  </testcase> <!-- checkStatusCode -->
  <testcase classname="com.foxapi.testCases.TC001_REG_user" name="checkcontentEncoding" time="0.001">
    <failure type="java.lang.AssertionError" message="expected [gzip] but found [null]">
      <![CDATA[java.lang.AssertionError: expected [gzip] but found [null]
at com.foxapi.testCases.TC001_REG_user.checkcontentEncoding(TC001_REG_user.java:126)
... Removed 31 stack frames]]>
    </failure>
  </testcase> <!-- checkcontentEncoding -->
  <testcase classname="com.foxapi.testCases.TC001_REG_user" name="checkstatusLine" time="0.001">
    <failure type="java.lang.AssertionError" message="expected [HTTP/1.1 200 OK] but found [HTTP/1.1 409 Conflict]">
      <![CDATA[java.lang.AssertionError: expected [HTTP/1.1 200 OK] but found [HTTP/1.1 409 Conflict]
at com.foxapi.testCases.TC001_REG_user.checkstatusLine(TC001_REG_user.java:111)
... Removed 31 stack frames]]>
    </failure>
  </testcase> <!-- checkstatusLine -->
  <testcase classname="com.foxapi.testCases.TC002_LOGIN_user" name="checkContentType" time="0.002"/>
  <testcase classname="com.foxapi.testCases.TC002_LOGIN_user" name="checkResponseTime" time="0.001"/>
  <testcase classname="com.foxapi.testCases.TC002_LOGIN_user" name="checkResposeBody" time="0.001"/>
  <testcase classname="com.foxapi.testCases.TC002_LOGIN_user" name="checkStatusCode" time="0.0"/>
  <testcase classname="com.foxapi.testCases.TC002_LOGIN_user" name="checkstatusLine" time="0.001"/>
  <testcase classname="com.foxapi.testCases.TC003_RESET_password" name="checkContentType" time="0.001"/>
  <testcase classname="com.foxapi.testCases.TC003_RESET_password" name="checkResponseTime" time="0.002"/>
  <testcase classname="com.foxapi.testCases.TC003_RESET_password" name="checkResposeBody" time="0.002">
    <failure type="java.lang.AssertionError" message="expected [true] but found [false]">
      <![CDATA[java.lang.AssertionError: expected [true] but found [false]
at com.foxapi.testCases.TC003_RESET_password.checkResposeBody(TC003_RESET_password.java:76)
... Removed 31 stack frames]]>
    </failure>
  </testcase> <!-- checkResposeBody -->
  <testcase classname="com.foxapi.testCases.TC003_RESET_password" name="checkStatusCode" time="0.002">
    <failure type="java.lang.AssertionError" message="expected [200] but found [400]">
      <![CDATA[java.lang.AssertionError: expected [200] but found [400]
at com.foxapi.testCases.TC003_RESET_password.checkStatusCode(TC003_RESET_password.java:85)
... Removed 31 stack frames]]>
    </failure>
  </testcase> <!-- checkStatusCode -->
  <testcase classname="com.foxapi.testCases.TC003_RESET_password" name="checkstatusLine" time="0.002">
    <failure type="java.lang.AssertionError" message="expected [HTTP/1.1 200 OK] but found [HTTP/1.1 400 Bad Request]">
      <![CDATA[java.lang.AssertionError: expected [HTTP/1.1 200 OK] but found [HTTP/1.1 400 Bad Request]
at com.foxapi.testCases.TC003_RESET_password.checkstatusLine(TC003_RESET_password.java:102)
... Removed 31 stack frames]]>
    </failure>
  </testcase> <!-- checkstatusLine -->
</testsuite> <!-- FoxRestAPITest -->
