<?xml version="1.0" encoding="UTF-8"?>
<!-- Generated by org.testng.reporters.JUnitXMLReporter -->
<testsuite ignored="0" hostname="la-dgt-001436.usa.tribune.com" failures="7" tests="15" name="FoxRestAPITest" time="23.963" errors="0" timestamp="21 Nov 2019 16:56:28 GMT">
  <testcase classname="com.foxapi.testCases.TC001_REG_user" name="checkContentType" time="0.002"/>
  <testcase classname="com.foxapi.testCases.TC001_REG_user" name="checkResposeBody" time="0.01">
    <failure type="java.lang.AssertionError" message="expected [true] but found [false]">
      <![CDATA[java.lang.AssertionError: expected [true] but found [false]
at com.foxapi.testCases.TC001_REG_user.checkResposeBody(TC001_REG_user.java:97)
... Removed 34 stack frames]]>
    </failure>
  </testcase> <!-- checkResposeBody -->
  <testcase classname="com.foxapi.testCases.TC001_REG_user" name="checkStatusCode" time="0.001">
    <failure type="java.lang.AssertionError" message="expected [200] but found [403]">
      <![CDATA[java.lang.AssertionError: expected [200] but found [403]
at com.foxapi.testCases.TC001_REG_user.checkStatusCode(TC001_REG_user.java:107)
... Removed 34 stack frames]]>
    </failure>
  </testcase> <!-- checkStatusCode -->
  <testcase classname="com.foxapi.testCases.TC001_REG_user" name="checkcontentEncoding" time="0.0">
    <failure type="java.lang.AssertionError" message="expected [gzip] but found [null]">
      <![CDATA[java.lang.AssertionError: expected [gzip] but found [null]
at com.foxapi.testCases.TC001_REG_user.checkcontentEncoding(TC001_REG_user.java:129)
... Removed 34 stack frames]]>
    </failure>
  </testcase> <!-- checkcontentEncoding -->
  <testcase classname="com.foxapi.testCases.TC001_REG_user" name="checkstatusLine" time="0.001">
    <failure type="java.lang.AssertionError" message="expected [HTTP/1.1 200 OK] but found [HTTP/1.1 403 Forbidden]">
      <![CDATA[java.lang.AssertionError: expected [HTTP/1.1 200 OK] but found [HTTP/1.1 403 Forbidden]
at com.foxapi.testCases.TC001_REG_user.checkstatusLine(TC001_REG_user.java:114)
... Removed 34 stack frames]]>
    </failure>
  </testcase> <!-- checkstatusLine -->
  <testcase classname="com.foxapi.testCases.TC002_LOGIN_user" name="checkContentType" time="0.0"/>
  <testcase classname="com.foxapi.testCases.TC002_LOGIN_user" name="checkResponseTime" time="0.001"/>
  <testcase classname="com.foxapi.testCases.TC002_LOGIN_user" name="checkResposeBody" time="0.001">
    <failure type="java.lang.AssertionError" message="expected [true] but found [false]">
      <![CDATA[java.lang.AssertionError: expected [true] but found [false]
at com.foxapi.testCases.TC002_LOGIN_user.checkResposeBody(TC002_LOGIN_user.java:82)
... Removed 34 stack frames]]>
    </failure>
  </testcase> <!-- checkResposeBody -->
  <testcase classname="com.foxapi.testCases.TC002_LOGIN_user" name="checkStatusCode" time="0.001">
    <failure type="java.lang.AssertionError" message="expected [200] but found [403]">
      <![CDATA[java.lang.AssertionError: expected [200] but found [403]
at com.foxapi.testCases.TC002_LOGIN_user.checkStatusCode(TC002_LOGIN_user.java:90)
... Removed 34 stack frames]]>
    </failure>
  </testcase> <!-- checkStatusCode -->
  <testcase classname="com.foxapi.testCases.TC002_LOGIN_user" name="checkstatusLine" time="0.0">
    <failure type="java.lang.AssertionError" message="expected [HTTP/1.1 200 OK] but found [HTTP/1.1 403 Forbidden]">
      <![CDATA[java.lang.AssertionError: expected [HTTP/1.1 200 OK] but found [HTTP/1.1 403 Forbidden]
at com.foxapi.testCases.TC002_LOGIN_user.checkstatusLine(TC002_LOGIN_user.java:107)
... Removed 34 stack frames]]>
    </failure>
  </testcase> <!-- checkstatusLine -->
  <testcase classname="com.foxapi.testCases.TC003_RESET_password" name="checkContentType" time="0.0"/>
  <testcase classname="com.foxapi.testCases.TC003_RESET_password" name="checkResponseTime" time="0.0"/>
  <testcase classname="com.foxapi.testCases.TC003_RESET_password" name="checkResposeBody" time="0.0"/>
  <testcase classname="com.foxapi.testCases.TC003_RESET_password" name="checkStatusCode" time="0.0"/>
  <testcase classname="com.foxapi.testCases.TC003_RESET_password" name="checkstatusLine" time="0.001"/>
</testsuite> <!-- FoxRestAPITest -->
