<?xml version="1.0" encoding="UTF-8"?>
<!-- Generated by org.testng.reporters.JUnitXMLReporter -->
<testsuite ignored="0" hostname="LA-DGT-001436.local" failures="0" tests="15" name="EmployeesRestAPITest" time="22.57" errors="0" timestamp="14 Sep 2019 17:56:44 GMT">
  <testcase classname="com.employeeapi.testCases.TC001_REG_user" name="checkContentType" time="0.005"/>
  <testcase classname="com.employeeapi.testCases.TC001_REG_user" name="checkResposeBody" time="0.01"/>
  <testcase classname="com.employeeapi.testCases.TC001_REG_user" name="checkStatusCode" time="0.001"/>
  <testcase classname="com.employeeapi.testCases.TC001_REG_user" name="checkcontentEncoding" time="0.001"/>
  <testcase classname="com.employeeapi.testCases.TC001_REG_user" name="checkstatusLine" time="0.001"/>
  <testcase classname="com.employeeapi.testCases.TC002_LOGIN_user" name="checkContentType" time="0.002"/>
  <testcase classname="com.employeeapi.testCases.TC002_LOGIN_user" name="checkResponseTime" time="0.001"/>
  <testcase classname="com.employeeapi.testCases.TC002_LOGIN_user" name="checkResposeBody" time="0.001"/>
  <testcase classname="com.employeeapi.testCases.TC002_LOGIN_user" name="checkStatusCode" time="0.001"/>
  <testcase classname="com.employeeapi.testCases.TC002_LOGIN_user" name="checkstatusLine" time="0.001"/>
  <testcase classname="com.employeeapi.testCases.TC003_RESET_password" name="checkContentType" time="0.001"/>
  <testcase classname="com.employeeapi.testCases.TC003_RESET_password" name="checkResponseTime" time="0.001"/>
  <testcase classname="com.employeeapi.testCases.TC003_RESET_password" name="checkResposeBody" time="0.001"/>
  <testcase classname="com.employeeapi.testCases.TC003_RESET_password" name="checkStatusCode" time="0.001"/>
  <testcase classname="com.employeeapi.testCases.TC003_RESET_password" name="checkstatusLine" time="0.001"/>
</testsuite> <!-- EmployeesRestAPITest -->
